<?xml version="1.0" encoding="UTF-8"?>
<!-- Generated by org.testng.reporters.JUnitXMLReporter -->
<testsuite ignored="0" hostname="LIN-5CD5324Z9P" failures="11" tests="11" name="Test" time="52.522" errors="0" timestamp="2025-09-22T17:25:31 IST">
  <testcase classname="tests.LoginWithIncorrectDetails" name="testLoginWithIncorrectdData" time="10.079">
    <failure type="java.lang.AssertionError" message="Expected Home Page to be visible but it is not expected [true] but found [false]">
      <![CDATA[java.lang.AssertionError: Expected Home Page to be visible but it is not expected [true] but found [false]
at tests.LoginWithIncorrectDetails.testLoginWithIncorrectdData(LoginWithIncorrectDetails.java:30)
at java.base/java.util.concurrent.ThreadPoolExecutor.runWorker(ThreadPoolExecutor.java:1144)
at java.base/java.util.concurrent.ThreadPoolExecutor$Worker.run(ThreadPoolExecutor.java:642)
at java.base/java.lang.Thread.run(Thread.java:1583)
... Removed 13 stack frames]]>
    </failure>
  </testcase> <!-- testLoginWithIncorrectdData -->
  <testcase classname="tests.LogoutTest$logoutUserTest" name="logoutTest" time="10.069">
    <failure type="java.lang.AssertionError" message="Expected Home Page to be visible but it is not expected [true] but found [false]">
      <![CDATA[java.lang.AssertionError: Expected Home Page to be visible but it is not expected [true] but found [false]
at tests.LogoutTest$logoutUserTest.logoutTest(LogoutTest.java:30)
at java.base/java.util.concurrent.ThreadPoolExecutor.runWorker(ThreadPoolExecutor.java:1144)
at java.base/java.util.concurrent.ThreadPoolExecutor$Worker.run(ThreadPoolExecutor.java:642)
at java.base/java.lang.Thread.run(Thread.java:1583)
... Removed 13 stack frames]]>
    </failure>
  </testcase> <!-- logoutTest -->
  <testcase classname="tests.ContactUsFormTest" name="testContactUs" time="10.076">
    <failure type="java.lang.AssertionError" message="Expected Home Page to be visible but it is not. expected [true] but found [false]">
      <![CDATA[java.lang.AssertionError: Expected Home Page to be visible but it is not. expected [true] but found [false]
at tests.ContactUsFormTest.testContactUs(ContactUsFormTest.java:27)
at java.base/java.util.concurrent.ThreadPoolExecutor.runWorker(ThreadPoolExecutor.java:1144)
at java.base/java.util.concurrent.ThreadPoolExecutor$Worker.run(ThreadPoolExecutor.java:642)
at java.base/java.lang.Thread.run(Thread.java:1583)
... Removed 13 stack frames]]>
    </failure>
  </testcase> <!-- testContactUs -->
  <testcase classname="tests.RegisterWithExistingTest" name="testWithExistingMail" time="10.066">
    <failure type="java.lang.AssertionError" message="Expected Home Page to be visible but it is not expected [true] but found [false]">
      <![CDATA[java.lang.AssertionError: Expected Home Page to be visible but it is not expected [true] but found [false]
at tests.RegisterWithExistingTest.testWithExistingMail(RegisterWithExistingTest.java:27)
at java.base/java.util.concurrent.ThreadPoolExecutor.runWorker(ThreadPoolExecutor.java:1144)
at java.base/java.util.concurrent.ThreadPoolExecutor$Worker.run(ThreadPoolExecutor.java:642)
at java.base/java.lang.Thread.run(Thread.java:1583)
... Removed 13 stack frames]]>
    </failure>
  </testcase> <!-- testWithExistingMail -->
  <testcase classname="tests.VerifyTestCaseTest" name="testTestCases" time="10.047">
    <failure type="java.lang.AssertionError" message="Expected Home Page to be visible but it is not. expected [true] but found [false]">
      <![CDATA[java.lang.AssertionError: Expected Home Page to be visible but it is not. expected [true] but found [false]
at tests.VerifyTestCaseTest.testTestCases(VerifyTestCaseTest.java:27)
at java.base/java.util.concurrent.ThreadPoolExecutor.runWorker(ThreadPoolExecutor.java:1144)
at java.base/java.util.concurrent.ThreadPoolExecutor$Worker.run(ThreadPoolExecutor.java:642)
at java.base/java.lang.Thread.run(Thread.java:1583)
... Removed 13 stack frames]]>
    </failure>
  </testcase> <!-- testTestCases -->
  <testcase classname="tests.SearchProductTest" name="testSearchProduct" time="10.092">
    <failure type="java.lang.AssertionError" message="Expected Home Page to be visible but it is not. expected [true] but found [false]">
      <![CDATA[java.lang.AssertionError: Expected Home Page to be visible but it is not. expected [true] but found [false]
at tests.SearchProductTest.testSearchProduct(SearchProductTest.java:26)
at java.base/java.util.concurrent.ThreadPoolExecutor.runWorker(ThreadPoolExecutor.java:1144)
at java.base/java.util.concurrent.ThreadPoolExecutor$Worker.run(ThreadPoolExecutor.java:642)
at java.base/java.lang.Thread.run(Thread.java:1583)
... Removed 13 stack frames]]>
    </failure>
  </testcase> <!-- testSearchProduct -->
  <testcase classname="tests.AllProductDetails" name="testProductTest" time="10.061">
    <failure type="java.lang.AssertionError" message="Expected Home Page to be visible but it is not. expected [true] but found [false]">
      <![CDATA[java.lang.AssertionError: Expected Home Page to be visible but it is not. expected [true] but found [false]
at tests.AllProductDetails.testProductTest(AllProductDetails.java:26)
at java.base/java.util.concurrent.ThreadPoolExecutor.runWorker(ThreadPoolExecutor.java:1144)
at java.base/java.util.concurrent.ThreadPoolExecutor$Worker.run(ThreadPoolExecutor.java:642)
at java.base/java.lang.Thread.run(Thread.java:1583)
... Removed 13 stack frames]]>
    </failure>
  </testcase> <!-- testProductTest -->
  <testcase classname="tests.SubscriptionInHomePageTest" name="testSubscription" time="10.05">
    <failure type="java.lang.AssertionError" message="Expected Home Page to be visible, but it is not. expected [true] but found [false]">
      <![CDATA[java.lang.AssertionError: Expected Home Page to be visible, but it is not. expected [true] but found [false]
at tests.SubscriptionInHomePageTest.testSubscription(SubscriptionInHomePageTest.java:21)
at java.base/java.util.concurrent.ThreadPoolExecutor.runWorker(ThreadPoolExecutor.java:1144)
at java.base/java.util.concurrent.ThreadPoolExecutor$Worker.run(ThreadPoolExecutor.java:642)
at java.base/java.lang.Thread.run(Thread.java:1583)
... Removed 13 stack frames]]>
    </failure>
  </testcase> <!-- testSubscription -->
  <testcase classname="tests.ContactUsFormTest" name="testContactUs" time="10.069">
    <failure type="java.lang.AssertionError" message="Expected Home Page to be visible but it is not. expected [true] but found [false]">
      <![CDATA[java.lang.AssertionError: Expected Home Page to be visible but it is not. expected [true] but found [false]
at tests.ContactUsFormTest.testContactUs(ContactUsFormTest.java:27)
at java.base/java.util.concurrent.ThreadPoolExecutor.runWorker(ThreadPoolExecutor.java:1144)
at java.base/java.util.concurrent.ThreadPoolExecutor$Worker.run(ThreadPoolExecutor.java:642)
at java.base/java.lang.Thread.run(Thread.java:1583)
... Removed 13 stack frames]]>
    </failure>
  </testcase> <!-- testContactUs -->
  <testcase classname="tests.SearchProductTest" name="testSearchProduct" time="10.034">
    <failure type="java.lang.AssertionError" message="Expected Home Page to be visible but it is not. expected [true] but found [false]">
      <![CDATA[java.lang.AssertionError: Expected Home Page to be visible but it is not. expected [true] but found [false]
at tests.SearchProductTest.testSearchProduct(SearchProductTest.java:26)
at java.base/java.util.concurrent.ThreadPoolExecutor.runWorker(ThreadPoolExecutor.java:1144)
at java.base/java.util.concurrent.ThreadPoolExecutor$Worker.run(ThreadPoolExecutor.java:642)
at java.base/java.lang.Thread.run(Thread.java:1583)
... Removed 13 stack frames]]>
    </failure>
  </testcase> <!-- testSearchProduct -->
  <testcase classname="tests.ContactUsFormTest" name="testContactUs" time="10.069">
    <failure type="java.lang.AssertionError" message="Expected Home Page to be visible but it is not. expected [true] but found [false]">
      <![CDATA[java.lang.AssertionError: Expected Home Page to be visible but it is not. expected [true] but found [false]
at tests.ContactUsFormTest.testContactUs(ContactUsFormTest.java:27)
at java.base/java.util.concurrent.ThreadPoolExecutor.runWorker(ThreadPoolExecutor.java:1144)
at java.base/java.util.concurrent.ThreadPoolExecutor$Worker.run(ThreadPoolExecutor.java:642)
at java.base/java.lang.Thread.run(Thread.java:1583)
... Removed 13 stack frames]]>
    </failure>
  </testcase> <!-- testContactUs -->
</testsuite> <!-- Test -->
